Multi-OEM/Retail Project Version : CY19M08D18-R116.0.BL - BaseLine [MRP via MDL Forum ONLY] 
 
The extracted OEM's folder structure appears correct. 
 
Installed DotNet Framework{s} : v1.1.4322, v2.0.50727, v3.5, v4.0.30319, v4.8.x or later {Rev:528049} 
Installed Powershell Versions : 1.0, 2.0, 3.0, 4.0 
Using 'MRPConfig.ini' File    : No - Using default settings. 
 
MRP Extra Debug Logging Mode  : Enabled  - Log saved to 'C:\MRPDebug1.log' 
Change Lock/Login Screen's    : Enabled  - Screen's will be replaced as defined by user option. 
Confirm File Delete           : Disabled - User is not notified when a file/folder is being deleted. 
Show 'ThisPC' On Desktop      : Disabled - The icon is not displayed on the Desktop. 
 
[START]  
[OSINF] ============================================================= 
[OSINF] =================[ Detected OS Information ]================= 
[OSINF] ============================================================= 
[OSINF] OS Install Date/Time  : 09/20/2021 {UTC} -- 10:20pm 
[OSINF] Installation Type     : Client {Non Server} 
[OSINF] HyperVisor Detected   : No 
[OSINF] Domain Detected       : No 
[OSINF] Version {Registry}    : Windows 8.1 Pro   
[OSINF] Version {SKU}         : Professional {48} 
[OSINF] Edition {Registry}    : Professional {48} 
[OSINF] Architecture          : 64 Bit {AR:1} 
[OSINF] Build Information     : 9600.19538.amd64fre.winblue_ltsb_escrow.191014-1700 
[OSINF] Reference Version     : 6.3.9600.17415 
[OSINF] ProductID Reference   : 2615 
[OSINF] Edition UILang/Code   : en-US / 1033 {0x409h} 
[OSINF] Locale                : English – United States 
[OSINF] Time Zone Data        : India Standard Time 
[OSINF] Daylight Saving Mode  : No 
[MBINF] ============================================================= 
[MBINF] =================[ Motherboard Information ]================= 
[MBINF] ============================================================= 
[MBINF] #01 CS Product Name   : [Aspire E1-522]  
[MBINF] #02 CS Model Name     : [Aspire E1-522]  
[MBINF] #03 Baseboard Product : [Aspire E1-522]  
[MBINF] #04 CS Vendor Name    : [Acer]  
[MBINF] #05 CS System Name    : [Acer]  
[MBINF] #06 Baseboard Name    : [Acer]  
[MBINF] #08 BIOS or SLIC ID 1 : [ACRSYS - 1]  
[MBINF] #09 SLIC Information  : [No SLIC Table Present]  
[MBINF] #11 MSDM Information  : [Invalid MSDM Table Data]  
[MBINF] Chassis Type {10}     : [Notebook]  
[MBINF] PC System Type        : [Mobile {0x2}]  
[BDINF] ============================================================= 
[BDINF] ==================[ Main BIOS Information ]================== 
[BDINF] ============================================================= 
[BDINF] Manufacturer          : [Insyde Corp.]  
[BDINF] Version               : [V2.09]  
[BDINF] Release Date          : [11/19/2013]  
[MPINF] ============================================================= 
[MPINF] ===================[ Processor Information ]================= 
[MPINF] ============================================================= 
[MPINF] Full Name             : [AMD A6-5200 APU with Radeon{TM} HD Graphics]  
[MPINF] Description           : [AMD64 Family 22 Model 0 Stepping 1]  
[MPINF] Architecture          : [32/64 Bit]  
[MPINF] Max Clock Speed       : [2 GHz] {Rounded Value}  
[MPINF] Manufacturer ID Data  : [AuthenticAMD]  
[MPINF] CPUID Signature       : [700F01]  
[MPINF] Revision Number       : [0001]  
[MPINF] Sockets/CPU's Present : [1]  
[MPINF] Cores/Threads         : [4] / [4]  
[MPINF] VT Firmware Mode      : [Disabled]  
[MMINF] ============================================================= 
[MMINF] ====================[ Memory Information ]=================== 
[MMINF] ============================================================= 
[MMINF] Total Physical        : 3.45 GB  
[MMINF] Used During Setup     : 352.71 MB  
[MMINF] Available             : 3.1 GB [90.01%] 
[MMINF] Type Number           : 3  
[MMINF] Category              : Non-ECC  
[MMINF] Max Board Sockets     : 2 - May vary depending on the Motherboard's original test design or revision.  
[MMINF] Max Capacity          : 4096 MB - Depends on the Chipset's memory array, 4GB or below could mean per slot.  
[MMINF] Max Per Socket/Slot   : 2048 MB {Approx Value}  
[SPCTR] ============================================================= 
[SPCTR] =================[ AMD: Spectre Information ]================ 
[SPCTR] ============================================================= 
[SPCTR] This system is vulnerable to Spectre variants only. 
[SPCTR] BIOS firmware/CPU microcodes are not available to address Spectre variants. 
[SPCTR] Checked using 'InSpectre' from Gibson Research, https://www.grc.com/inspectre.htm 
[SUOEA] ============================================================= 
[SUOEA] ===[ Show Other User Options Applied/Enabled Or Disabled ]=== 
[SUOEA] ============================================================= 
[SUOEA] =====================[ Applied Options ]===================== 
[SUOEA] ============================================================= 
[CPANV] Control Panel's view set to Category {Default}.  
[SATCM] No 'Administrative Tools' context menu items was selected for addition. 
[AAFAS] Allow Apps from anywhere, default setting.  
[SUOEA] ============================================================= 
[SUOEA] =====================[ Enabled Options ]===================== 
[SUOEA] ============================================================= 
[SUOEA] No other User selected 'Enabled' options used. 
[SUOEA] ============================================================== 
[SUOEA] ===================[ Disabled MRP Options ]=================== 
[SUOEA] ============================================================== 
[SUOEA] No 'Disabled' MRP options. 
[REPDR] ====================================================== 
[REPDR] ===[ Retail.txt/Ei.cfg/PID.txt Detection Routines ]=== 
[REPDR] ====================================================== 
[REPDR] Note: Some results may return as 'not detected' if the install medium was removed during OS installation. 
[REPDR] The 'Retail.txt' file was not detected within the 'Scripts' folder. 
[REPDR] The 'ei.cfg' file was detected within the 'D:\sources' folder.  
[REPDR] The 'PID.txt' file was not detected.  
[CKDMI] ============================================================= 
[CKDMI] ===[ Querying DMI For OEM Manufacturer Brand Information ]=== 
[CKDMI] ============================================================= 
[CKDCF] No DMI conflicts found. 
[CKDCF] DMI query routine completed. 
[THMOK] Acer [#04] manufacturer was detected for automated theme/branding. 
[SYSPD] ======================================= 
[SYSPD] ===[ Model Name Processing Routine ]=== 
[SYSPD] ======================================= 
[SETMN] BIOS defined 'Aspire E1-522' model name has been applied. 
[TBPRT] =================================== 
[TBPRT] ===[ Theme Processing Routines ]=== 
[TBPRT] =================================== 
[USRFT] User specified theme was not defined.  
[TBTMS] =========================================== 
[TBTMS] ===[ Brand Transfer Management Routine ]=== 
[TBTMS] =========================================== 
[RMXML] OOBE.xml file has been processed. 
[WPCHK] Wallpaper.jpg transferred. 
[BGDFC] Desktop 'Backgrounds' folder has been created. 
[BGDFC] The 'BackgroundDefault.jpg' file was created from 'Wallpaper.jpg'. 
[W8XAP] ============================================== 
[W8XAP] ===[ Main User Account Picture Management ]=== 
[W8XAP] ============================================== 
[UBREP] User.bmp replaced. 
[UPREP] User.png replaced. 
[W8AP2] ==================================================== 
[W8AP2] ===[ Additional User Account Picture Management ]=== 
[W8AP2] ==================================================== 
[UPREP] User-200.png replaced. 
[X8LLR] ============================== 
[X8LLR] ===[ Login Screen Routine ]=== 
[X8LLR] ============================== 
[WX8LI] Log-In Background 'img105' was replaced. Original renamed as img0105. 
[OTFTR] ============================================ 
[OTFTR] ===[ Brand/Theme Files Transfer Routine ]=== 
[OTFTR] ============================================ 
[OTFTR] The Brand theme folder was created. 
[EWBSC] Additional Wallpaper's was copied as desktop backgrounds. 
[OTFTR] Theme files have been transferred. 
[ATREP] Aero.theme was backed up and replaced. 
[ATHBA] Acer OEM brand theme has been applied.  
[SCFLD] ==================================================== 
[SCFLD] ===[ SetupComplete/FirstLogOn Scripts Detection ]=== 
[SCFLD] ==================================================== 
[SCDET] Note: SetupComplete.cmd was detected. 
[NOTES] May cause malfunction of the project if deletion of the 'Scripts' folder is done within this file. 
[BSHCS] =================================== 
[BSHCS] ===[ Primary Script Completion ]=== 
[BSHCS] =================================== 
[BSHCS] Branding script has completed. The SetupComplete.cmd script will now be run via Windows Setup. 
[RBOOT] 
[ADMAN] =================================================== 
[ADMAN] ============[ Add-On Manager: Started ]============ 
[ADMAN] =================================================== 
[TFFIB] Theme registry tweak is not required. 
[SATOU] =================================================== 
[SATOU] ====[ User Options that have now been applied ]==== 
[SATOU] =================================================== 
[SATOU] There are no pending selected options to be 'Applied'. 
[AMBPS] ================================================================= 
[AMBPS] ===[ Check BIOS/Boot Mode, OS Partition Type/Controller Mode ]=== 
[AMBPS] ================================================================= 
[AMBPS] BIOS/Boot Mode  : {A} Legacy 
[AMBPS] Partition Type  : {W} MBR 
[AMHDC] Controller Mode : {I} AHCI 
[CHKLS] ============================================= 
[CHKLS] ===[ Detecting License\Activation Status ]=== 
[CHKLS] ============================================= 
[CHKLS] License/Activation Status  : Notification 
[CHKLS] License Channel Status     : Volume:GVLK {PKC} 
[CHKLS] License Status Reason Code : 0xC004F056 
[CHKLS] The Volume Product detected could not be activated using the Key Management Service {KMS}. 
[CHKLS] This maybe because it is a default VLK, or other invalid, key which cannot be used for activation. 
[ADMAN] =============================== 
[ADMAN] ===[ Finalization Routines ]=== 
[ADMAN] =============================== 
[CLNUP] Clean Up Routine Processed. 
[ADMAN] =================================== 
[ADMAN] ===[ Add-On Manager: Completed ]=== 
[ADMAN] =================================== 
[ENDAM] 
[ENDAM] ========================================================================================= 
[ENDAM] =                                                                                       = 
[ENDAM] = Please Note: As User options, UserTweaks or Wintel scripts have been detected it is   = 
[ENDAM] =              required for a reboot cycle to allow these options/tweaks to take full   = 
[ENDAM] =              effect. This also allows any Theme related processes to complete.        = 
[ENDAM] =                                                                                       = 
[ENDAM] ========================================================================================= 
[ENDED] 
The Multi-OEM/Retail Project has completed. 
 
